  ChillerService.cpp
C:\Repo\PeltierChiller.Arduino\ChillerService.cpp : warning C4117: macro name '__cplusplus' is reserved, '#define' ignored
C:\Repo\PeltierChiller.Arduino\__vm\.PeltierChiller.Arduino.vsarduino.h(16,1): warning C4005: '__AVR_atmega328p__': macro redefinition
C:\Repo\PeltierChiller.Arduino\ChillerService.cpp : message : see previous definition of '__AVR_atmega328p__'
C:\Repo\PeltierChiller.Arduino\__vm\.PeltierChiller.Arduino.vsarduino.h(17,1): warning C4005: '__AVR_ATmega328P__': macro redefinition
C:\Repo\PeltierChiller.Arduino\ChillerService.cpp : message : see previous definition of '__AVR_ATmega328P__'
C:\Repo\PeltierChiller.Arduino\__vm\.PeltierChiller.Arduino.vsarduino.h(18,1): warning C4005: '__AVR_ATmega328p__': macro redefinition
C:\Repo\PeltierChiller.Arduino\ChillerService.cpp : message : see previous definition of '__AVR_ATmega328p__'
C:\Repo\PeltierChiller.Arduino\__vm\.PeltierChiller.Arduino.vsarduino.h(22,1): warning C4005: 'ARDUINO_AVR_UNO': macro redefinition
C:\Repo\PeltierChiller.Arduino\ChillerService.cpp : message : see previous definition of 'ARDUINO_AVR_UNO'
C:\Repo\PeltierChiller.Arduino\__vm\.PeltierChiller.Arduino.vsarduino.h(23,1): warning C4005: 'ARDUINO_ARCH_AVR': macro redefinition
C:\Repo\PeltierChiller.Arduino\ChillerService.cpp : message : see previous definition of 'ARDUINO_ARCH_AVR'
C:\Repo\PeltierChiller.Arduino\__vm\.PeltierChiller.Arduino.vsarduino.h(24,1): warning C4117: macro name '__cplusplus' is reserved, '#define' ignored
C:\Repo\PeltierChiller.Arduino\__vm\.PeltierChiller.Arduino.vsarduino.h(33,1): warning C4117: macro name '__cplusplus' is reserved, '#undef' ignored
C:\Repo\PeltierChiller.Arduino\__vm\.PeltierChiller.Arduino.vsarduino.h(34,1): warning C4117: macro name '__cplusplus' is reserved, '#define' ignored
E:\Programs\Arduino\hardware\tools\avr\lib\gcc\avr\7.3.0\include\stddef.h(216,23): error C2371: 'size_t': redefinition; different basic types
C:\Repo\PeltierChiller.Arduino\predefined C++ types (compiler internal)(16): message : see declaration of 'size_t'
E:\Programs\Arduino\hardware\tools\avr\avr\include\stdlib.h(73,3): error C2371: 'div_t': redefinition; different basic types
C:\Repo\PeltierChiller.Arduino\__vm\.PeltierChiller.Arduino.vsarduino.h(66): message : see declaration of 'div_t'
E:\Programs\Arduino\hardware\tools\avr\avr\include\stdlib.h(79,3): error C2371: 'ldiv_t': redefinition; different basic types
C:\Repo\PeltierChiller.Arduino\__vm\.PeltierChiller.Arduino.vsarduino.h(67): message : see declaration of 'ldiv_t'
E:\Programs\Arduino\hardware\tools\avr\lib\gcc\avr\7.3.0\include\stdint.h(9,1): fatal error C1021: invalid preprocessor command 'include_next'
  PeltierModule.cpp
C:\Repo\PeltierChiller.Arduino\PeltierModule.cpp : warning C4117: macro name '__cplusplus' is reserved, '#define' ignored
C:\Repo\PeltierChiller.Arduino\__vm\.PeltierChiller.Arduino.vsarduino.h(16,1): warning C4005: '__AVR_atmega328p__': macro redefinition
C:\Repo\PeltierChiller.Arduino\PeltierModule.cpp : message : see previous definition of '__AVR_atmega328p__'
C:\Repo\PeltierChiller.Arduino\__vm\.PeltierChiller.Arduino.vsarduino.h(17,1): warning C4005: '__AVR_ATmega328P__': macro redefinition
C:\Repo\PeltierChiller.Arduino\PeltierModule.cpp : message : see previous definition of '__AVR_ATmega328P__'
C:\Repo\PeltierChiller.Arduino\__vm\.PeltierChiller.Arduino.vsarduino.h(18,1): warning C4005: '__AVR_ATmega328p__': macro redefinition
C:\Repo\PeltierChiller.Arduino\PeltierModule.cpp : message : see previous definition of '__AVR_ATmega328p__'
C:\Repo\PeltierChiller.Arduino\__vm\.PeltierChiller.Arduino.vsarduino.h(22,1): warning C4005: 'ARDUINO_AVR_UNO': macro redefinition
C:\Repo\PeltierChiller.Arduino\PeltierModule.cpp : message : see previous definition of 'ARDUINO_AVR_UNO'
C:\Repo\PeltierChiller.Arduino\__vm\.PeltierChiller.Arduino.vsarduino.h(23,1): warning C4005: 'ARDUINO_ARCH_AVR': macro redefinition
C:\Repo\PeltierChiller.Arduino\PeltierModule.cpp : message : see previous definition of 'ARDUINO_ARCH_AVR'
C:\Repo\PeltierChiller.Arduino\__vm\.PeltierChiller.Arduino.vsarduino.h(24,1): warning C4117: macro name '__cplusplus' is reserved, '#define' ignored
C:\Repo\PeltierChiller.Arduino\__vm\.PeltierChiller.Arduino.vsarduino.h(33,1): warning C4117: macro name '__cplusplus' is reserved, '#undef' ignored
C:\Repo\PeltierChiller.Arduino\__vm\.PeltierChiller.Arduino.vsarduino.h(34,1): warning C4117: macro name '__cplusplus' is reserved, '#define' ignored
E:\Programs\Arduino\hardware\tools\avr\lib\gcc\avr\7.3.0\include\stddef.h(216,23): error C2371: 'size_t': redefinition; different basic types
C:\Repo\PeltierChiller.Arduino\predefined C++ types (compiler internal)(16): message : see declaration of 'size_t'
E:\Programs\Arduino\hardware\tools\avr\avr\include\stdlib.h(73,3): error C2371: 'div_t': redefinition; different basic types
C:\Repo\PeltierChiller.Arduino\__vm\.PeltierChiller.Arduino.vsarduino.h(66): message : see declaration of 'div_t'
E:\Programs\Arduino\hardware\tools\avr\avr\include\stdlib.h(79,3): error C2371: 'ldiv_t': redefinition; different basic types
C:\Repo\PeltierChiller.Arduino\__vm\.PeltierChiller.Arduino.vsarduino.h(67): message : see declaration of 'ldiv_t'
E:\Programs\Arduino\hardware\tools\avr\lib\gcc\avr\7.3.0\include\stdint.h(9,1): fatal error C1021: invalid preprocessor command 'include_next'
  Rele.cpp
C:\Repo\PeltierChiller.Arduino\Rele.cpp : warning C4117: macro name '__cplusplus' is reserved, '#define' ignored
C:\Repo\PeltierChiller.Arduino\__vm\.PeltierChiller.Arduino.vsarduino.h(16,1): warning C4005: '__AVR_atmega328p__': macro redefinition
C:\Repo\PeltierChiller.Arduino\Rele.cpp : message : see previous definition of '__AVR_atmega328p__'
C:\Repo\PeltierChiller.Arduino\__vm\.PeltierChiller.Arduino.vsarduino.h(17,1): warning C4005: '__AVR_ATmega328P__': macro redefinition
C:\Repo\PeltierChiller.Arduino\Rele.cpp : message : see previous definition of '__AVR_ATmega328P__'
C:\Repo\PeltierChiller.Arduino\__vm\.PeltierChiller.Arduino.vsarduino.h(18,1): warning C4005: '__AVR_ATmega328p__': macro redefinition
C:\Repo\PeltierChiller.Arduino\Rele.cpp : message : see previous definition of '__AVR_ATmega328p__'
C:\Repo\PeltierChiller.Arduino\__vm\.PeltierChiller.Arduino.vsarduino.h(22,1): warning C4005: 'ARDUINO_AVR_UNO': macro redefinition
C:\Repo\PeltierChiller.Arduino\Rele.cpp : message : see previous definition of 'ARDUINO_AVR_UNO'
C:\Repo\PeltierChiller.Arduino\__vm\.PeltierChiller.Arduino.vsarduino.h(23,1): warning C4005: 'ARDUINO_ARCH_AVR': macro redefinition
C:\Repo\PeltierChiller.Arduino\Rele.cpp : message : see previous definition of 'ARDUINO_ARCH_AVR'
C:\Repo\PeltierChiller.Arduino\__vm\.PeltierChiller.Arduino.vsarduino.h(24,1): warning C4117: macro name '__cplusplus' is reserved, '#define' ignored
C:\Repo\PeltierChiller.Arduino\__vm\.PeltierChiller.Arduino.vsarduino.h(33,1): warning C4117: macro name '__cplusplus' is reserved, '#undef' ignored
C:\Repo\PeltierChiller.Arduino\__vm\.PeltierChiller.Arduino.vsarduino.h(34,1): warning C4117: macro name '__cplusplus' is reserved, '#define' ignored
E:\Programs\Arduino\hardware\tools\avr\lib\gcc\avr\7.3.0\include\stddef.h(216,23): error C2371: 'size_t': redefinition; different basic types
C:\Repo\PeltierChiller.Arduino\predefined C++ types (compiler internal)(16): message : see declaration of 'size_t'
E:\Programs\Arduino\hardware\tools\avr\avr\include\stdlib.h(73,3): error C2371: 'div_t': redefinition; different basic types
C:\Repo\PeltierChiller.Arduino\__vm\.PeltierChiller.Arduino.vsarduino.h(66): message : see declaration of 'div_t'
E:\Programs\Arduino\hardware\tools\avr\avr\include\stdlib.h(79,3): error C2371: 'ldiv_t': redefinition; different basic types
C:\Repo\PeltierChiller.Arduino\__vm\.PeltierChiller.Arduino.vsarduino.h(67): message : see declaration of 'ldiv_t'
E:\Programs\Arduino\hardware\tools\avr\lib\gcc\avr\7.3.0\include\stdint.h(9,1): fatal error C1021: invalid preprocessor command 'include_next'
  ReleState.cpp
C:\Repo\PeltierChiller.Arduino\ReleState.cpp : warning C4117: macro name '__cplusplus' is reserved, '#define' ignored
C:\Repo\PeltierChiller.Arduino\__vm\.PeltierChiller.Arduino.vsarduino.h(16,1): warning C4005: '__AVR_atmega328p__': macro redefinition
C:\Repo\PeltierChiller.Arduino\ReleState.cpp : message : see previous definition of '__AVR_atmega328p__'
C:\Repo\PeltierChiller.Arduino\__vm\.PeltierChiller.Arduino.vsarduino.h(17,1): warning C4005: '__AVR_ATmega328P__': macro redefinition
C:\Repo\PeltierChiller.Arduino\ReleState.cpp : message : see previous definition of '__AVR_ATmega328P__'
C:\Repo\PeltierChiller.Arduino\__vm\.PeltierChiller.Arduino.vsarduino.h(18,1): warning C4005: '__AVR_ATmega328p__': macro redefinition
C:\Repo\PeltierChiller.Arduino\ReleState.cpp : message : see previous definition of '__AVR_ATmega328p__'
C:\Repo\PeltierChiller.Arduino\__vm\.PeltierChiller.Arduino.vsarduino.h(22,1): warning C4005: 'ARDUINO_AVR_UNO': macro redefinition
C:\Repo\PeltierChiller.Arduino\ReleState.cpp : message : see previous definition of 'ARDUINO_AVR_UNO'
C:\Repo\PeltierChiller.Arduino\__vm\.PeltierChiller.Arduino.vsarduino.h(23,1): warning C4005: 'ARDUINO_ARCH_AVR': macro redefinition
C:\Repo\PeltierChiller.Arduino\ReleState.cpp : message : see previous definition of 'ARDUINO_ARCH_AVR'
C:\Repo\PeltierChiller.Arduino\__vm\.PeltierChiller.Arduino.vsarduino.h(24,1): warning C4117: macro name '__cplusplus' is reserved, '#define' ignored
C:\Repo\PeltierChiller.Arduino\__vm\.PeltierChiller.Arduino.vsarduino.h(33,1): warning C4117: macro name '__cplusplus' is reserved, '#undef' ignored
C:\Repo\PeltierChiller.Arduino\__vm\.PeltierChiller.Arduino.vsarduino.h(34,1): warning C4117: macro name '__cplusplus' is reserved, '#define' ignored
E:\Programs\Arduino\hardware\tools\avr\lib\gcc\avr\7.3.0\include\stddef.h(216,23): error C2371: 'size_t': redefinition; different basic types
C:\Repo\PeltierChiller.Arduino\predefined C++ types (compiler internal)(16): message : see declaration of 'size_t'
E:\Programs\Arduino\hardware\tools\avr\avr\include\stdlib.h(73,3): error C2371: 'div_t': redefinition; different basic types
C:\Repo\PeltierChiller.Arduino\__vm\.PeltierChiller.Arduino.vsarduino.h(66): message : see declaration of 'div_t'
E:\Programs\Arduino\hardware\tools\avr\avr\include\stdlib.h(79,3): error C2371: 'ldiv_t': redefinition; different basic types
C:\Repo\PeltierChiller.Arduino\__vm\.PeltierChiller.Arduino.vsarduino.h(67): message : see declaration of 'ldiv_t'
E:\Programs\Arduino\hardware\tools\avr\lib\gcc\avr\7.3.0\include\stdint.h(9,1): fatal error C1021: invalid preprocessor command 'include_next'
  TemperatureSensor.cpp
C:\Repo\PeltierChiller.Arduino\TemperatureSensor.cpp : warning C4117: macro name '__cplusplus' is reserved, '#define' ignored
C:\Repo\PeltierChiller.Arduino\__vm\.PeltierChiller.Arduino.vsarduino.h(16,1): warning C4005: '__AVR_atmega328p__': macro redefinition
C:\Repo\PeltierChiller.Arduino\TemperatureSensor.cpp : message : see previous definition of '__AVR_atmega328p__'
C:\Repo\PeltierChiller.Arduino\__vm\.PeltierChiller.Arduino.vsarduino.h(17,1): warning C4005: '__AVR_ATmega328P__': macro redefinition
C:\Repo\PeltierChiller.Arduino\TemperatureSensor.cpp : message : see previous definition of '__AVR_ATmega328P__'
C:\Repo\PeltierChiller.Arduino\__vm\.PeltierChiller.Arduino.vsarduino.h(18,1): warning C4005: '__AVR_ATmega328p__': macro redefinition
C:\Repo\PeltierChiller.Arduino\TemperatureSensor.cpp : message : see previous definition of '__AVR_ATmega328p__'
C:\Repo\PeltierChiller.Arduino\__vm\.PeltierChiller.Arduino.vsarduino.h(22,1): warning C4005: 'ARDUINO_AVR_UNO': macro redefinition
C:\Repo\PeltierChiller.Arduino\TemperatureSensor.cpp : message : see previous definition of 'ARDUINO_AVR_UNO'
C:\Repo\PeltierChiller.Arduino\__vm\.PeltierChiller.Arduino.vsarduino.h(23,1): warning C4005: 'ARDUINO_ARCH_AVR': macro redefinition
C:\Repo\PeltierChiller.Arduino\TemperatureSensor.cpp : message : see previous definition of 'ARDUINO_ARCH_AVR'
C:\Repo\PeltierChiller.Arduino\__vm\.PeltierChiller.Arduino.vsarduino.h(24,1): warning C4117: macro name '__cplusplus' is reserved, '#define' ignored
C:\Repo\PeltierChiller.Arduino\__vm\.PeltierChiller.Arduino.vsarduino.h(33,1): warning C4117: macro name '__cplusplus' is reserved, '#undef' ignored
C:\Repo\PeltierChiller.Arduino\__vm\.PeltierChiller.Arduino.vsarduino.h(34,1): warning C4117: macro name '__cplusplus' is reserved, '#define' ignored
E:\Programs\Arduino\hardware\tools\avr\lib\gcc\avr\7.3.0\include\stddef.h(216,23): error C2371: 'size_t': redefinition; different basic types
C:\Repo\PeltierChiller.Arduino\predefined C++ types (compiler internal)(16): message : see declaration of 'size_t'
E:\Programs\Arduino\hardware\tools\avr\avr\include\stdlib.h(73,3): error C2371: 'div_t': redefinition; different basic types
C:\Repo\PeltierChiller.Arduino\__vm\.PeltierChiller.Arduino.vsarduino.h(66): message : see declaration of 'div_t'
E:\Programs\Arduino\hardware\tools\avr\avr\include\stdlib.h(79,3): error C2371: 'ldiv_t': redefinition; different basic types
C:\Repo\PeltierChiller.Arduino\__vm\.PeltierChiller.Arduino.vsarduino.h(67): message : see declaration of 'ldiv_t'
E:\Programs\Arduino\hardware\tools\avr\lib\gcc\avr\7.3.0\include\stdint.h(9,1): fatal error C1021: invalid preprocessor command 'include_next'
  Generating Code...
